<?xml version="1.0" encoding="UTF-8"?>
<!-- Generated by org.testng.reporters.JUnitReportReporter -->
<testsuite hostname="DESKTOP-2ED7NG6" failures="0" tests="1" name="com.toorak.tests.LoginAddToCartLogoutTest" time="7.717" errors="0" timestamp="2024-09-24T19:12:41 IST" skipped="0">
  <testcase classname="com.toorak.tests.LoginAddToCartLogoutTest" name="loginAddToCartLogoutTest" time="7.717"/>
  <system-out>
The Title of the Product Page ::Products the first product name::::Sauce Labs Backpack the first product price::::$29.99  </system-out>
</testsuite> <!-- com.toorak.tests.LoginAddToCartLogoutTest -->
