<?xml version="1.0" encoding="UTF-8"?>
<!-- Generated by org.testng.reporters.JUnitReportReporter -->
<testsuite hostname="DESKTOP-2ED7NG6" failures="0" tests="1" name="com.toorak.tests.GetAPIDemoTest" time="0.835" errors="0" timestamp="2024-09-24T19:12:41 IST" skipped="0">
  <testcase classname="com.toorak.tests.GetAPIDemoTest" name="getAPIDemoTest" time="0.835"/>
  <system-out>
The Status Code200  </system-out>
</testsuite> <!-- com.toorak.tests.GetAPIDemoTest -->
